Arguments: 
  C:\Program Files\nodejs\node.exe C:\Program Files (x86)\Yarn\bin\yarn.js

PATH: 
  C:\Users\tanis\bin;C:\Program Files\Git\mingw64\bin;C:\Program Files\Git\usr\local\bin;C:\Program Files\Git\usr\bin;C:\Program Files\Git\usr\bin;C:\Program Files\Git\mingw64\bin;C:\Program Files\Git\usr\bin;C:\Users\tanis\bin;C:\ProgramData\Oracle\Java\javapath;C:\XEClient\bin;C:\Windows\system32;C:\Windows;C:\Windows\System32\Wbem;C:\Windows\System32\WindowsPowerShell\v1.0;C:\Program Files\Broadcom\Broadcom 802.11\Driver;C:\ProgramData\Oracle\Java\javapath;C:\xampp\php;C:\ProgramData\ComposerSetup\bin;C:\Program Files (x86)\Skype\Phone;C:\Program Files (x86)\Microsoft SQL Server\100\Tools\Binn;C:\Program Files\Microsoft SQL Server\100\Tools\Binn;C:\Program Files\Microsoft SQL Server\100\DTS\Binn;C:\Program Files\Git\cmd;C:\Program Files\nodejs;C:\Program Files (x86)\Yarn\bin;C:\apache-maven-3.3.9\bin;C:\Users\tanis\AppData\Roaming\Composer\vendor\bin;C:\Users\tanis\AppData\Roaming\npm;C:\Program Files\Microsoft VS Code\bin;C:\Users\tanis\AppData\Local\Yarn\bin;C:\Program Files\Git\usr\bin\vendor_perl;C:\Program Files\Git\usr\bin\core_perl

Yarn version: 
  1.2.0

Node version: 
  6.11.4

Platform: 
  win32 x64

npm manifest: 
  {
    "name": "practica-angular",
    "version": "0.0.0",
    "license": "MIT",
    "scripts": {
      "ng": "ng",
      "start": "ng serve",
      "build": "ng build",
      "test": "ng test",
      "lint": "ng lint",
      "e2e": "ng e2e"
    },
    "private": true,
    "dependencies": {
      "@angular/animations": "^4.2.4",
      "@angular/common": "^4.2.4",
      "@angular/compiler": "^4.2.4",
      "@angular/core": "^4.2.4",
      "@angular/forms": "^4.2.4",
      "@angular/http": "^4.2.4",
      "@angular/platform-browser": "^4.2.4",
      "@angular/platform-browser-dynamic": "^4.2.4",
      "@angular/router": "^4.2.4",
      "core-js": "^2.4.1",
      "rxjs": "^5.4.2",
      "zone.js": "^0.8.14"
    },
    "devDependencies": {
      "@angular/cli": "1.4.5",
      "@angular/compiler-cli": "^4.2.4",
      "@angular/language-service": "^4.2.4",
      "@types/jasmine": "~2.5.53",
      "@types/jasminewd2": "~2.0.2",
      "@types/node": "~6.0.60",
      "codelyzer": "~3.2.0",
      "jasmine-core": "~2.6.2",
      "jasmine-spec-reporter": "~4.1.0",
      "karma": "~1.7.0",
      "karma-chrome-launcher": "~2.1.1",
      "karma-cli": "~1.0.1",
      "karma-coverage-istanbul-reporter": "^1.2.1",
      "karma-jasmine": "~1.1.0",
      "karma-jasmine-html-reporter": "^0.2.2",
      "protractor": "~5.1.2",
      "ts-node": "~3.2.0",
      "tslint": "~5.7.0",
      "typescript": "~2.3.3"
    }
  }

yarn manifest: 
  No manifest

Lockfile: 
  No lockfile

Trace: 
  Error: ENOENT: no such file or directory, open 'D:\CURSO - ANGULAR 4\project\Angular\practica-angular\node_modules\braces\benchmark\index.js'
      at Error (native)
